<?xml version="1.0" encoding="UTF-8"?>
<!-- Generated by org.testng.reporters.JUnitXMLReporter -->
<testsuite ignored="0" hostname="SarthakThinkpad" failures="0" tests="3" name="Test" time="0.074" errors="0" timestamp="2023-04-14T12:36:42 GMT-04:00">
  <testcase classname="production_env_testcases.LoginProdTest" name="loginTestResult" time="0.012"/>
  <testcase classname="production_env_testcases.LogoutProdTest" name="logoutTestResult" time="0.001"/>
  <testcase classname="production_env_testcases.RegisterProdTest" name="registerTestResult" time="0.005"/>
</testsuite> <!-- Test -->
