<?xml version="1.0" encoding="UTF-8"?>
<!-- Generated by org.testng.reporters.JUnitXMLReporter -->
<testsuite ignored="0" hostname="SarthakThinkpad" failures="0" tests="3" name="Test" time="0.009" errors="0" timestamp="2023-04-14T12:36:42 GMT-04:00">
  <testcase classname="test_env_testcases.LogoutTest" name="logoutTestResult" time="0.002"/>
  <testcase classname="test_env_testcases.LoginTest" name="loginTestResult" time="0.001"/>
  <testcase classname="test_env_testcases.RegisterTest" name="registerTestResult" time="0.001"/>
</testsuite> <!-- Test -->
