<?xml version="1.0" encoding="UTF-8"?>
<!-- Generated by org.testng.reporters.JUnitXMLReporter -->
<testsuite ignored="1" hostname="SarthakThinkpad" failures="1" tests="9" name="Other test cases" time="0.043" errors="0" timestamp="2023-04-07T14:44:46 GMT-04:00">
  <testcase classname="testng_revision_7th_Apr_2023.Annotations_In_TestNG" name="testCase1" time="0.002"/>
  <testcase classname="testng_revision_7th_Apr_2023.Annotations_In_TestNG" name="testCase2" time="0.002"/>
  <testcase classname="testng_revision_7th_Apr_2023.AlwaysRun_True" name="setUpTest" time="0.007">
    <failure type="java.lang.AssertionError" message="null">
      <![CDATA[java.lang.AssertionError: null
at testng_revision_7th_Apr_2023.AlwaysRun_True.setUpTest(AlwaysRun_True.java:11)
at java.base/java.util.ArrayList.forEach(ArrayList.java:1511)
... Removed 29 stack frames]]>
    </failure>
  </testcase> <!-- setUpTest -->
  <testcase classname="testng_revision_7th_Apr_2023.AlwaysRun_True" name="registerTest" time="0.001"/>
  <testcase classname="testng_revision_7th_Apr_2023.AlwaysRun_True" name="loginTest" time="0.001"/>
  <testcase classname="testng_revision_7th_Apr_2023.BM_T_AM_TriCombo" name="abcd" time="0.001"/>
  <testcase classname="testng_revision_7th_Apr_2023.BM_T_AM_TriCombo" name="zycsk" time="0.0"/>
  <testcase classname="testng_revision_7th_Apr_2023.BM_T_AM_TriCombo" name="aahello" time="0.0"/>
  <testcase classname="testng_revision_7th_Apr_2023.BM_T_AM_TriCombo" name="hello" time="0.0"/>
  <testcase classname="testng_revision_7th_Apr_2023.AlwaysRun_True" name="logoutTest" time="0.0">
    <ignored/>
  </testcase> <!-- logoutTest -->
</testsuite> <!-- Other test cases -->
