<?xml version="1.0" encoding="UTF-8"?>
<!-- Generated by org.testng.reporters.JUnitXMLReporter -->
<testsuite ignored="0" hostname="SarthakThinkpad" failures="0" tests="2" name="Revision TestNG TestCases" time="14.317" errors="0" timestamp="2023-04-07T14:44:46 GMT-04:00">
  <testcase classname="testng_revision_7th_Apr_2023.Automation_Using_BM_AM" name="loginTest" time="1.127"/>
  <testcase classname="testng_revision_7th_Apr_2023.Automation_Using_BM_AM" name="registerTest" time="1.181"/>
</testsuite> <!-- Revision TestNG TestCases -->
